agg_perf_test/TRMM_3A11_3A11.20020301.7.HDF.dds-bescmd.xml: 2.589650 ms (+/- 0.664675 ms) avg time for 100 reps.
agg_perf_test/TRMM_3A11_3A11.20020301.7.HDF.dmr-bescmd.xml: 2.669660 ms (+/- 0.775252 ms) avg time for 100 reps.
agg_perf_test/TRMM_3A11_3A11.20020301.7.HDF.dods-bescmd.xml: 5.879120 ms (+/- 1.060825 ms) avg time for 100 reps.
agg_perf_test/TRMM_3A11_3A11.20020301.7.HDF_monthRain.dds-bescmd.xml: 2.369660 ms (+/- 0.716318 ms) avg time for 100 reps.
agg_perf_test/TRMM_3A11_3A11.20020301.7.HDF_monthRain.dmr-bescmd.xml: 2.719560 ms (+/- 0.735795 ms) avg time for 100 reps.
agg_perf_test/TRMM_3A11_3A11.20020301.7.HDF_monthRain.dods-bescmd.xml: 2.669530 ms (+/- 0.800606 ms) avg time for 100 reps.
agg_perf_test/TRMM_3A11_Aggregation.ncml.dds-bescmd.xml: 49.192490 ms (+/- 3.258286 ms) avg time for 100 reps.
agg_perf_test/TRMM_3A11_Aggregation.ncml.dmr-bescmd.xml: 49.492400 ms (+/- 2.586063 ms) avg time for 100 reps.
./timeTest: line 6: 14279 Aborted                 besstandalone -c $prefix/etc/bes/bes.conf -d "cerr,ncml,timing" -i $command > $resultFile 2>> $logFile
./timeTest: line 6: 14280 Aborted                 besstandalone -c $prefix/etc/bes/bes.conf -d "cerr,ncml,timing" -i $command > $resultFile 2>> $logFile
./timeTest: line 6: 14281 Aborted                 besstandalone -c $prefix/etc/bes/bes.conf -d "cerr,ncml,timing" -i $command > $resultFile 2>> $logFile
./timeTest: line 6: 14282 Aborted                 besstandalone -c $prefix/etc/bes/bes.conf -d "cerr,ncml,timing" -i $command > $resultFile 2>> $logFile
./timeTest: line 6: 14283 Aborted                 besstandalone -c $prefix/etc/bes/bes.conf -d "cerr,ncml,timing" -i $command > $resultFile 2>> $logFile
./timeTest: line 6: 14284 Aborted                 besstandalone -c $prefix/etc/bes/bes.conf -d "cerr,ncml,timing" -i $command > $resultFile 2>> $logFile
./timeTest: line 6: 14285 Aborted                 besstandalone -c $prefix/etc/bes/bes.conf -d "cerr,ncml,timing" -i $command > $resultFile 2>> $logFile
./timeTest: line 6: 14286 Aborted                 besstandalone -c $prefix/etc/bes/bes.conf -d "cerr,ncml,timing" -i $command > $resultFile 2>> $logFile
./timeTest: line 6: 14287 Aborted                 besstandalone -c $prefix/etc/bes/bes.conf -d "cerr,ncml,timing" -i $command > $resultFile 2>> $logFile
./timeTest: line 6: 14288 Aborted                 besstandalone -c $prefix/etc/bes/bes.conf -d "cerr,ncml,timing" -i $command > $resultFile 2>> $logFile
./timeTest: line 6: 14289 Aborted                 besstandalone -c $prefix/etc/bes/bes.conf -d "cerr,ncml,timing" -i $command > $resultFile 2>> $logFile
./timeTest: line 6: 14290 Aborted                 besstandalone -c $prefix/etc/bes/bes.conf -d "cerr,ncml,timing" -i $command > $resultFile 2>> $logFile
./timeTest: line 6: 14291 Aborted                 besstandalone -c $prefix/etc/bes/bes.conf -d "cerr,ncml,timing" -i $command > $resultFile 2>> $logFile
./timeTest: line 6: 14292 Aborted                 besstandalone -c $prefix/etc/bes/bes.conf -d "cerr,ncml,timing" -i $command > $resultFile 2>> $logFile
./timeTest: line 6: 14293 Aborted                 besstandalone -c $prefix/etc/bes/bes.conf -d "cerr,ncml,timing" -i $command > $resultFile 2>> $logFile
./timeTest: line 6: 14294 Aborted                 besstandalone -c $prefix/etc/bes/bes.conf -d "cerr,ncml,timing" -i $command > $resultFile 2>> $logFile
./timeTest: line 6: 14295 Aborted                 besstandalone -c $prefix/etc/bes/bes.conf -d "cerr,ncml,timing" -i $command > $resultFile 2>> $logFile
./timeTest: line 6: 14296 Aborted                 besstandalone -c $prefix/etc/bes/bes.conf -d "cerr,ncml,timing" -i $command > $resultFile 2>> $logFile
./timeTest: line 6: 14297 Aborted                 besstandalone -c $prefix/etc/bes/bes.conf -d "cerr,ncml,timing" -i $command > $resultFile 2>> $logFile
./timeTest: line 6: 14298 Aborted                 besstandalone -c $prefix/etc/bes/bes.conf -d "cerr,ncml,timing" -i $command > $resultFile 2>> $logFile
./timeTest: line 6: 14299 Aborted                 besstandalone -c $prefix/etc/bes/bes.conf -d "cerr,ncml,timing" -i $command > $resultFile 2>> $logFile
./timeTest: line 6: 14300 Aborted                 besstandalone -c $prefix/etc/bes/bes.conf -d "cerr,ncml,timing" -i $command > $resultFile 2>> $logFile
./timeTest: line 6: 14301 Aborted                 besstandalone -c $prefix/etc/bes/bes.conf -d "cerr,ncml,timing" -i $command > $resultFile 2>> $logFile
./timeTest: line 6: 14302 Aborted                 besstandalone -c $prefix/etc/bes/bes.conf -d "cerr,ncml,timing" -i $command > $resultFile 2>> $logFile
./timeTest: line 6: 14303 Aborted                 besstandalone -c $prefix/etc/bes/bes.conf -d "cerr,ncml,timing" -i $command > $resultFile 2>> $logFile
./timeTest: line 6: 14304 Aborted                 besstandalone -c $prefix/etc/bes/bes.conf -d "cerr,ncml,timing" -i $command > $resultFile 2>> $logFile
./timeTest: line 6: 14305 Aborted                 besstandalone -c $prefix/etc/bes/bes.conf -d "cerr,ncml,timing" -i $command > $resultFile 2>> $logFile
./timeTest: line 6: 14306 Aborted                 besstandalone -c $prefix/etc/bes/bes.conf -d "cerr,ncml,timing" -i $command > $resultFile 2>> $logFile
./timeTest: line 6: 14307 Aborted                 besstandalone -c $prefix/etc/bes/bes.conf -d "cerr,ncml,timing" -i $command > $resultFile 2>> $logFile
./timeTest: line 6: 14308 Aborted                 besstandalone -c $prefix/etc/bes/bes.conf -d "cerr,ncml,timing" -i $command > $resultFile 2>> $logFile
./timeTest: line 6: 14309 Aborted                 besstandalone -c $prefix/etc/bes/bes.conf -d "cerr,ncml,timing" -i $command > $resultFile 2>> $logFile
./timeTest: line 6: 14310 Aborted                 besstandalone -c $prefix/etc/bes/bes.conf -d "cerr,ncml,timing" -i $command > $resultFile 2>> $logFile
./timeTest: line 6: 14311 Aborted                 besstandalone -c $prefix/etc/bes/bes.conf -d "cerr,ncml,timing" -i $command > $resultFile 2>> $logFile
./timeTest: line 6: 14312 Aborted                 besstandalone -c $prefix/etc/bes/bes.conf -d "cerr,ncml,timing" -i $command > $resultFile 2>> $logFile
./timeTest: line 6: 14313 Aborted                 besstandalone -c $prefix/etc/bes/bes.conf -d "cerr,ncml,timing" -i $command > $resultFile 2>> $logFile
./timeTest: line 6: 14314 Aborted                 besstandalone -c $prefix/etc/bes/bes.conf -d "cerr,ncml,timing" -i $command > $resultFile 2>> $logFile
./timeTest: line 6: 14315 Aborted                 besstandalone -c $prefix/etc/bes/bes.conf -d "cerr,ncml,timing" -i $command > $resultFile 2>> $logFile
./timeTest: line 6: 14316 Aborted                 besstandalone -c $prefix/etc/bes/bes.conf -d "cerr,ncml,timing" -i $command > $resultFile 2>> $logFile
./timeTest: line 6: 14317 Aborted                 besstandalone -c $prefix/etc/bes/bes.conf -d "cerr,ncml,timing" -i $command > $resultFile 2>> $logFile
./timeTest: line 6: 14318 Aborted                 besstandalone -c $prefix/etc/bes/bes.conf -d "cerr,ncml,timing" -i $command > $resultFile 2>> $logFile
./timeTest: line 6: 14319 Aborted                 besstandalone -c $prefix/etc/bes/bes.conf -d "cerr,ncml,timing" -i $command > $resultFile 2>> $logFile
./timeTest: line 6: 14320 Aborted                 besstandalone -c $prefix/etc/bes/bes.conf -d "cerr,ncml,timing" -i $command > $resultFile 2>> $logFile
./timeTest: line 6: 14321 Aborted                 besstandalone -c $prefix/etc/bes/bes.conf -d "cerr,ncml,timing" -i $command > $resultFile 2>> $logFile
./timeTest: line 6: 14322 Aborted                 besstandalone -c $prefix/etc/bes/bes.conf -d "cerr,ncml,timing" -i $command > $resultFile 2>> $logFile
./timeTest: line 6: 14323 Aborted                 besstandalone -c $prefix/etc/bes/bes.conf -d "cerr,ncml,timing" -i $command > $resultFile 2>> $logFile
./timeTest: line 6: 14324 Aborted                 besstandalone -c $prefix/etc/bes/bes.conf -d "cerr,ncml,timing" -i $command > $resultFile 2>> $logFile
./timeTest: line 6: 14325 Aborted                 besstandalone -c $prefix/etc/bes/bes.conf -d "cerr,ncml,timing" -i $command > $resultFile 2>> $logFile
./timeTest: line 6: 14326 Aborted                 besstandalone -c $prefix/etc/bes/bes.conf -d "cerr,ncml,timing" -i $command > $resultFile 2>> $logFile
./timeTest: line 6: 14327 Aborted                 besstandalone -c $prefix/etc/bes/bes.conf -d "cerr,ncml,timing" -i $command > $resultFile 2>> $logFile
./timeTest: line 6: 14328 Aborted                 besstandalone -c $prefix/etc/bes/bes.conf -d "cerr,ncml,timing" -i $command > $resultFile 2>> $logFile
./timeTest: line 6: 14329 Aborted                 besstandalone -c $prefix/etc/bes/bes.conf -d "cerr,ncml,timing" -i $command > $resultFile 2>> $logFile
./timeTest: line 6: 14330 Aborted                 besstandalone -c $prefix/etc/bes/bes.conf -d "cerr,ncml,timing" -i $command > $resultFile 2>> $logFile
./timeTest: line 6: 14331 Aborted                 besstandalone -c $prefix/etc/bes/bes.conf -d "cerr,ncml,timing" -i $command > $resultFile 2>> $logFile
./timeTest: line 6: 14332 Aborted                 besstandalone -c $prefix/etc/bes/bes.conf -d "cerr,ncml,timing" -i $command > $resultFile 2>> $logFile
./timeTest: line 6: 14333 Aborted                 besstandalone -c $prefix/etc/bes/bes.conf -d "cerr,ncml,timing" -i $command > $resultFile 2>> $logFile
./timeTest: line 6: 14334 Aborted                 besstandalone -c $prefix/etc/bes/bes.conf -d "cerr,ncml,timing" -i $command > $resultFile 2>> $logFile
./timeTest: line 6: 14335 Aborted                 besstandalone -c $prefix/etc/bes/bes.conf -d "cerr,ncml,timing" -i $command > $resultFile 2>> $logFile
./timeTest: line 6: 14336 Aborted                 besstandalone -c $prefix/etc/bes/bes.conf -d "cerr,ncml,timing" -i $command > $resultFile 2>> $logFile
./timeTest: line 6: 14337 Aborted                 besstandalone -c $prefix/etc/bes/bes.conf -d "cerr,ncml,timing" -i $command > $resultFile 2>> $logFile
./timeTest: line 6: 14338 Aborted                 besstandalone -c $prefix/etc/bes/bes.conf -d "cerr,ncml,timing" -i $command > $resultFile 2>> $logFile
./timeTest: line 6: 14339 Aborted                 besstandalone -c $prefix/etc/bes/bes.conf -d "cerr,ncml,timing" -i $command > $resultFile 2>> $logFile
./timeTest: line 6: 14340 Aborted                 besstandalone -c $prefix/etc/bes/bes.conf -d "cerr,ncml,timing" -i $command > $resultFile 2>> $logFile
./timeTest: line 6: 14341 Aborted                 besstandalone -c $prefix/etc/bes/bes.conf -d "cerr,ncml,timing" -i $command > $resultFile 2>> $logFile
./timeTest: line 6: 14342 Aborted                 besstandalone -c $prefix/etc/bes/bes.conf -d "cerr,ncml,timing" -i $command > $resultFile 2>> $logFile
./timeTest: line 6: 14343 Aborted                 besstandalone -c $prefix/etc/bes/bes.conf -d "cerr,ncml,timing" -i $command > $resultFile 2>> $logFile
./timeTest: line 6: 14344 Aborted                 besstandalone -c $prefix/etc/bes/bes.conf -d "cerr,ncml,timing" -i $command > $resultFile 2>> $logFile
./timeTest: line 6: 14345 Aborted                 besstandalone -c $prefix/etc/bes/bes.conf -d "cerr,ncml,timing" -i $command > $resultFile 2>> $logFile
./timeTest: line 6: 14346 Aborted                 besstandalone -c $prefix/etc/bes/bes.conf -d "cerr,ncml,timing" -i $command > $resultFile 2>> $logFile
./timeTest: line 6: 14347 Aborted                 besstandalone -c $prefix/etc/bes/bes.conf -d "cerr,ncml,timing" -i $command > $resultFile 2>> $logFile
./timeTest: line 6: 14348 Aborted                 besstandalone -c $prefix/etc/bes/bes.conf -d "cerr,ncml,timing" -i $command > $resultFile 2>> $logFile
./timeTest: line 6: 14349 Aborted                 besstandalone -c $prefix/etc/bes/bes.conf -d "cerr,ncml,timing" -i $command > $resultFile 2>> $logFile
./timeTest: line 6: 14350 Aborted                 besstandalone -c $prefix/etc/bes/bes.conf -d "cerr,ncml,timing" -i $command > $resultFile 2>> $logFile
./timeTest: line 6: 14351 Aborted                 besstandalone -c $prefix/etc/bes/bes.conf -d "cerr,ncml,timing" -i $command > $resultFile 2>> $logFile
./timeTest: line 6: 14352 Aborted                 besstandalone -c $prefix/etc/bes/bes.conf -d "cerr,ncml,timing" -i $command > $resultFile 2>> $logFile
./timeTest: line 6: 14353 Aborted                 besstandalone -c $prefix/etc/bes/bes.conf -d "cerr,ncml,timing" -i $command > $resultFile 2>> $logFile
./timeTest: line 6: 14354 Aborted                 besstandalone -c $prefix/etc/bes/bes.conf -d "cerr,ncml,timing" -i $command > $resultFile 2>> $logFile
./timeTest: line 6: 14355 Aborted                 besstandalone -c $prefix/etc/bes/bes.conf -d "cerr,ncml,timing" -i $command > $resultFile 2>> $logFile
./timeTest: line 6: 14356 Aborted                 besstandalone -c $prefix/etc/bes/bes.conf -d "cerr,ncml,timing" -i $command > $resultFile 2>> $logFile
./timeTest: line 6: 14357 Aborted                 besstandalone -c $prefix/etc/bes/bes.conf -d "cerr,ncml,timing" -i $command > $resultFile 2>> $logFile
./timeTest: line 6: 14358 Aborted                 besstandalone -c $prefix/etc/bes/bes.conf -d "cerr,ncml,timing" -i $command > $resultFile 2>> $logFile
./timeTest: line 6: 14359 Aborted                 besstandalone -c $prefix/etc/bes/bes.conf -d "cerr,ncml,timing" -i $command > $resultFile 2>> $logFile
./timeTest: line 6: 14360 Aborted                 besstandalone -c $prefix/etc/bes/bes.conf -d "cerr,ncml,timing" -i $command > $resultFile 2>> $logFile
./timeTest: line 6: 14361 Aborted                 besstandalone -c $prefix/etc/bes/bes.conf -d "cerr,ncml,timing" -i $command > $resultFile 2>> $logFile
./timeTest: line 6: 14362 Aborted                 besstandalone -c $prefix/etc/bes/bes.conf -d "cerr,ncml,timing" -i $command > $resultFile 2>> $logFile
./timeTest: line 6: 14363 Aborted                 besstandalone -c $prefix/etc/bes/bes.conf -d "cerr,ncml,timing" -i $command > $resultFile 2>> $logFile
./timeTest: line 6: 14364 Aborted                 besstandalone -c $prefix/etc/bes/bes.conf -d "cerr,ncml,timing" -i $command > $resultFile 2>> $logFile
./timeTest: line 6: 14365 Aborted                 besstandalone -c $prefix/etc/bes/bes.conf -d "cerr,ncml,timing" -i $command > $resultFile 2>> $logFile
./timeTest: line 6: 14366 Aborted                 besstandalone -c $prefix/etc/bes/bes.conf -d "cerr,ncml,timing" -i $command > $resultFile 2>> $logFile
./timeTest: line 6: 14367 Aborted                 besstandalone -c $prefix/etc/bes/bes.conf -d "cerr,ncml,timing" -i $command > $resultFile 2>> $logFile
./timeTest: line 6: 14368 Aborted                 besstandalone -c $prefix/etc/bes/bes.conf -d "cerr,ncml,timing" -i $command > $resultFile 2>> $logFile
./timeTest: line 6: 14369 Aborted                 besstandalone -c $prefix/etc/bes/bes.conf -d "cerr,ncml,timing" -i $command > $resultFile 2>> $logFile
./timeTest: line 6: 14370 Aborted                 besstandalone -c $prefix/etc/bes/bes.conf -d "cerr,ncml,timing" -i $command > $resultFile 2>> $logFile
./timeTest: line 6: 14371 Aborted                 besstandalone -c $prefix/etc/bes/bes.conf -d "cerr,ncml,timing" -i $command > $resultFile 2>> $logFile
./timeTest: line 6: 14372 Aborted                 besstandalone -c $prefix/etc/bes/bes.conf -d "cerr,ncml,timing" -i $command > $resultFile 2>> $logFile
./timeTest: line 6: 14373 Aborted                 besstandalone -c $prefix/etc/bes/bes.conf -d "cerr,ncml,timing" -i $command > $resultFile 2>> $logFile
./timeTest: line 6: 14374 Aborted                 besstandalone -c $prefix/etc/bes/bes.conf -d "cerr,ncml,timing" -i $command > $resultFile 2>> $logFile
./timeTest: line 6: 14375 Aborted                 besstandalone -c $prefix/etc/bes/bes.conf -d "cerr,ncml,timing" -i $command > $resultFile 2>> $logFile
./timeTest: line 6: 14376 Aborted                 besstandalone -c $prefix/etc/bes/bes.conf -d "cerr,ncml,timing" -i $command > $resultFile 2>> $logFile
./timeTest: line 6: 14377 Aborted                 besstandalone -c $prefix/etc/bes/bes.conf -d "cerr,ncml,timing" -i $command > $resultFile 2>> $logFile
./timeTest: line 6: 14378 Aborted                 besstandalone -c $prefix/etc/bes/bes.conf -d "cerr,ncml,timing" -i $command > $resultFile 2>> $logFile
ERROR: Failed to complete all scheduled reps of command agg_perf_test/TRMM_3A11_Aggregation.ncml.dods-bescmd.xml. Skipping results.
agg_perf_test/TRMM_3A11_Aggregation.ncml_granule.dds-bescmd.xml: 49.762400 ms (+/- 3.345675 ms) avg time for 100 reps.
agg_perf_test/TRMM_3A11_Aggregation.ncml_granule.dmr-bescmd.xml: 49.632420 ms (+/- 3.044287 ms) avg time for 100 reps.
agg_perf_test/TRMM_3A11_Aggregation.ncml_granule.dods-bescmd.xml: 52.321990 ms (+/- 3.719915 ms) avg time for 100 reps.
agg_perf_test/TRMM_3A11_Aggregation.ncml_granule_monthRain.dds-bescmd.xml: 49.252560 ms (+/- 3.330052 ms) avg time for 100 reps.
agg_perf_test/TRMM_3A11_Aggregation.ncml_granule_monthRain.dmr-bescmd.xml: 49.502510 ms (+/- 2.923624 ms) avg time for 100 reps.
agg_perf_test/TRMM_3A11_Aggregation.ncml_granule_monthRain.dods-bescmd.xml: 48.542540 ms (+/- 3.533212 ms) avg time for 100 reps.
agg_perf_test/TRMM_3A11_Aggregation.ncml_monthRain.dds-bescmd.xml: 49.802450 ms (+/- 3.562248 ms) avg time for 100 reps.
agg_perf_test/TRMM_3A11_Aggregation.ncml_monthRain.dmr-bescmd.xml: 49.532460 ms (+/- 3.710052 ms) avg time for 100 reps.
./timeTest: line 6: 15381 Aborted                 besstandalone -c $prefix/etc/bes/bes.conf -d "cerr,ncml,timing" -i $command > $resultFile 2>> $logFile
./timeTest: line 6: 15384 Aborted                 besstandalone -c $prefix/etc/bes/bes.conf -d "cerr,ncml,timing" -i $command > $resultFile 2>> $logFile
ERROR: Failed to complete all scheduled reps of command agg_perf_test/TRMM_3A11_Aggregation.ncml_monthRain.dods-bescmd.xml. Skipping results.
